app/mapping.txt
com.demo.MainApp -> com.xx.App:
com.solid.analytics.AnalyticsService -> com.xx.x.AnalyticsService: